<?xml version="1.0" encoding="UTF-8"?>
<testng-results skipped="0" failed="0" total="1" passed="1">
  <reporter-output>
  </reporter-output>
  <suite name="Default suite" duration-ms="4453" started-at="2018-11-13T04:45:07Z" finished-at="2018-11-13T04:45:11Z">
    <groups>
    </groups>
    <test name="Default test" duration-ms="4453" started-at="2018-11-13T04:45:07Z" finished-at="2018-11-13T04:45:11Z">
      <class name="DummyTest">
        <test-method status="PASS" signature="setUp()[pri:0, instance:DummyTest@1349883]" name="setUp" is-config="true" duration-ms="11085" started-at="2018-11-13T10:14:56Z" finished-at="2018-11-13T10:15:07Z">
          <reporter-output>
          </reporter-output>
        </test-method> <!-- setUp -->
        <test-method status="PASS" signature="test()[pri:0, instance:DummyTest@1349883]" name="test" duration-ms="4430" started-at="2018-11-13T10:15:07Z" finished-at="2018-11-13T10:15:11Z">
          <reporter-output>
          </reporter-output>
        </test-method> <!-- test -->
        <test-method status="PASS" signature="tearDown()[pri:0, instance:DummyTest@1349883]" name="tearDown" is-config="true" duration-ms="521" started-at="2018-11-13T10:15:11Z" finished-at="2018-11-13T10:15:12Z">
          <reporter-output>
          </reporter-output>
        </test-method> <!-- tearDown -->
      </class> <!-- DummyTest -->
    </test> <!-- Default test -->
  </suite> <!-- Default suite -->
</testng-results>
